{"level":"info","message":"Server running on port 5000","timestamp":"2025-03-07T12:51:08.155Z"}
{"level":"info","message":"GET /api/customers/5/orders","timestamp":"2025-03-07T12:51:32.325Z"}
{"level":"info","message":"GET /api/orders/4","timestamp":"2025-03-07T12:52:11.877Z"}
{"level":"info","message":"GET /api-docs/","timestamp":"2025-03-07T13:26:59.360Z"}
{"level":"info","message":"GET /api-docs/swagger-ui.css","timestamp":"2025-03-07T13:26:59.507Z"}
{"level":"info","message":"GET /api-docs/swagger-ui-bundle.js","timestamp":"2025-03-07T13:26:59.510Z"}
{"level":"info","message":"GET /api-docs/swagger-ui-standalone-preset.js","timestamp":"2025-03-07T13:26:59.526Z"}
{"level":"info","message":"GET /api-docs/swagger-ui-init.js","timestamp":"2025-03-07T13:26:59.529Z"}
{"level":"info","message":"OPTIONS /customers/5/orders","timestamp":"2025-03-07T15:25:21.381Z"}
{"level":"info","message":"GET /customers/5/orders","timestamp":"2025-03-07T15:25:21.453Z"}
{"level":"info","message":"GET /api-docs/","timestamp":"2025-03-07T15:26:43.620Z"}
{"level":"info","message":"GET /api-docs/swagger-ui.css","timestamp":"2025-03-07T15:26:43.785Z"}
{"level":"info","message":"GET /api-docs/swagger-ui-bundle.js","timestamp":"2025-03-07T15:26:43.792Z"}
{"level":"info","message":"GET /api-docs/swagger-ui-standalone-preset.js","timestamp":"2025-03-07T15:26:43.813Z"}
{"level":"info","message":"GET /api-docs/swagger-ui-init.js","timestamp":"2025-03-07T15:26:43.914Z"}
{"level":"info","message":"GET /customers/5/orders","timestamp":"2025-03-07T15:26:52.769Z"}
{"level":"info","message":"GET /api-docs/","timestamp":"2025-03-07T15:27:35.991Z"}
{"level":"info","message":"GET /api-docs/swagger-ui.css","timestamp":"2025-03-07T15:27:36.212Z"}
{"level":"info","message":"GET /api-docs/swagger-ui-bundle.js","timestamp":"2025-03-07T15:27:36.236Z"}
{"level":"info","message":"GET /api-docs/swagger-ui-standalone-preset.js","timestamp":"2025-03-07T15:27:36.294Z"}
{"level":"info","message":"GET /api-docs/swagger-ui-init.js","timestamp":"2025-03-07T15:27:36.304Z"}
{"level":"info","message":"GET /customers/5/orders","timestamp":"2025-03-07T15:27:43.227Z"}
{"level":"info","message":"OPTIONS /customers/5/orders","timestamp":"2025-03-07T15:34:10.937Z"}
{"level":"info","message":"GET /customers/5/orders","timestamp":"2025-03-07T15:34:10.975Z"}
{"level":"info","message":"OPTIONS /customers/5/orders","timestamp":"2025-03-07T15:37:38.028Z"}
{"level":"info","message":"GET /customers/5/orders","timestamp":"2025-03-07T15:37:38.040Z"}
{"level":"info","message":"GET /customers/5/orders","timestamp":"2025-03-07T15:37:40.771Z"}
{"level":"info","message":"Server running on port 5000","timestamp":"2025-03-09T06:36:19.820Z"}
{"level":"info","message":"GET /api-docs/","timestamp":"2025-03-09T06:36:32.445Z"}
{"level":"info","message":"GET /api-docs/swagger-ui.css","timestamp":"2025-03-09T06:36:32.623Z"}
{"level":"info","message":"GET /api-docs/swagger-ui-bundle.js","timestamp":"2025-03-09T06:36:32.660Z"}
{"level":"info","message":"GET /api-docs/swagger-ui-standalone-preset.js","timestamp":"2025-03-09T06:36:32.708Z"}
{"level":"info","message":"GET /api-docs/swagger-ui-init.js","timestamp":"2025-03-09T06:36:32.729Z"}
{"level":"info","message":"GET /customers/4/orders","timestamp":"2025-03-09T06:36:43.009Z"}
{"level":"info","message":"GET /customers/4/orders","timestamp":"2025-03-09T06:40:58.302Z"}
{"level":"info","message":"GET //api/customers/3/orders","timestamp":"2025-03-09T06:43:17.823Z"}
{"level":"info","message":"GET /api/customers/3/orders","timestamp":"2025-03-09T06:43:34.361Z"}
{"level":"info","message":"GET /api-docs/","timestamp":"2025-03-09T06:45:02.407Z"}
{"level":"info","message":"GET /api-docs/swagger-ui.css","timestamp":"2025-03-09T06:45:02.660Z"}
{"level":"info","message":"GET /api-docs/swagger-ui-bundle.js","timestamp":"2025-03-09T06:45:02.670Z"}
{"level":"info","message":"GET /api-docs/swagger-ui-init.js","timestamp":"2025-03-09T06:45:02.674Z"}
{"level":"info","message":"GET /api-docs/swagger-ui-standalone-preset.js","timestamp":"2025-03-09T06:45:02.678Z"}
{"level":"info","message":"GET /api-docs/favicon-32x32.png","timestamp":"2025-03-09T06:45:03.432Z"}
{"level":"info","message":"GET /customers/5/orders","timestamp":"2025-03-09T06:45:07.791Z"}
{"level":"info","message":"Server running on port 5000","timestamp":"2025-03-09T06:45:23.325Z"}
{"level":"info","message":"GET /api-docs/","timestamp":"2025-03-09T06:45:25.803Z"}
{"level":"info","message":"GET /api-docs/swagger-ui.css","timestamp":"2025-03-09T06:45:26.000Z"}
{"level":"info","message":"GET /api-docs/swagger-ui-bundle.js","timestamp":"2025-03-09T06:45:26.020Z"}
{"level":"info","message":"GET /api-docs/swagger-ui-standalone-preset.js","timestamp":"2025-03-09T06:45:26.037Z"}
{"level":"info","message":"GET /api-docs/swagger-ui-init.js","timestamp":"2025-03-09T06:45:26.047Z"}
{"level":"info","message":"GET /api/customers/4/orders","timestamp":"2025-03-09T06:45:36.175Z"}
{"level":"info","message":"GET /api/customers/3/orders","timestamp":"2025-03-09T06:45:49.639Z"}
{"level":"info","message":"PUT /api/orders/2","timestamp":"2025-03-09T06:59:47.264Z"}
{"level":"info","message":"POST /api/orders","timestamp":"2025-03-09T07:00:35.298Z"}
{"level":"info","message":"DELETE /api/orders/17","timestamp":"2025-03-09T07:01:00.716Z"}
{"level":"info","message":"Server running on port 5000","timestamp":"2025-03-09T08:48:26.187Z"}
{"level":"info","message":"GET /api-docs/","timestamp":"2025-03-09T08:53:04.398Z"}
{"level":"info","message":"GET /api-docs/swagger-ui.css","timestamp":"2025-03-09T08:53:04.527Z"}
{"level":"info","message":"GET /api-docs/swagger-ui-bundle.js","timestamp":"2025-03-09T08:53:04.560Z"}
{"level":"info","message":"GET /api-docs/swagger-ui-standalone-preset.js","timestamp":"2025-03-09T08:53:04.570Z"}
{"level":"info","message":"GET /api-docs/swagger-ui-init.js","timestamp":"2025-03-09T08:53:04.591Z"}
{"level":"info","message":"GET /api/orders","timestamp":"2025-03-09T08:53:22.678Z"}
{"level":"info","message":"POST /api/login","timestamp":"2025-03-09T08:55:48.179Z"}
{"level":"info","message":"Server running on port 5000","timestamp":"2025-03-09T09:04:17.133Z"}
{"level":"info","message":"POST /api/login","timestamp":"2025-03-09T09:04:23.455Z"}
{"level":"info","message":"POST /api/auth/login","timestamp":"2025-03-09T09:06:58.403Z"}
{"level":"info","message":"GET /api/customers/1/orders","timestamp":"2025-03-09T09:09:46.476Z"}
{"level":"info","message":"GET /api/customers/1/orders?Authorization=Bearer%20eyJhbGciOiJIUzI1NiIsInR5cCI6IkpXVCJ9.eyJlbWFpbCI6ImpvaG4uc21pdGhAZXhhbXBsZS5jb20iLCJpYXQiOjE3NDE1MTEyMTksImV4cCI6MTc0MTUxNDgxOX0.uoi6YeU1qvpLTE3Gfn9IycgpGADTXeu1V9ODOLV0Ps0","timestamp":"2025-03-09T09:10:27.135Z"}
{"level":"info","message":"GET /api/customers/1/orders?Authorization=Bearer%20%3CeyJhbGciOiJIUzI1NiIsInR5cCI6IkpXVCJ9.eyJlbWFpbCI6ImpvaG4uc21pdGhAZXhhbXBsZS5jb20iLCJpYXQiOjE3NDE1MTEyMTksImV4cCI6MTc0MTUxNDgxOX0.uoi6YeU1qvpLTE3Gfn9IycgpGADTXeu1V9ODOLV0Ps0%3E","timestamp":"2025-03-09T09:10:40.470Z"}
{"level":"info","message":"GET /api/customers/1/orders?Authorization=Bearer%20%22eyJhbGciOiJIUzI1NiIsInR5cCI6IkpXVCJ9.eyJlbWFpbCI6ImpvaG4uc21pdGhAZXhhbXBsZS5jb20iLCJpYXQiOjE3NDE1MTEyMTksImV4cCI6MTc0MTUxNDgxOX0.uoi6YeU1qvpLTE3Gfn9IycgpGADTXeu1V9ODOLV0Ps0%22","timestamp":"2025-03-09T09:10:50.279Z"}
{"level":"info","message":"GET /api/customers/1/orders","timestamp":"2025-03-09T09:14:29.065Z"}
{"level":"info","message":"Server running on port 5000","timestamp":"2025-03-09T09:21:38.934Z"}
{"level":"info","message":"POST /api/auth/login","timestamp":"2025-03-09T09:21:49.548Z"}
{"level":"info","message":"GET /api/customers/1/orders","timestamp":"2025-03-09T09:22:10.985Z"}
{"level":"info","message":"GET /api/customers/1/orders","timestamp":"2025-03-09T09:22:39.025Z"}
{"level":"info","message":"Server running on port 5000","timestamp":"2025-03-09T09:23:48.465Z"}
{"level":"info","message":"POST /api/auth/login","timestamp":"2025-03-09T09:23:55.439Z"}
{"level":"info","message":"GET /api/customers/1/orders","timestamp":"2025-03-09T09:24:12.182Z"}
{"level":"info","message":"Server running on port 5000","timestamp":"2025-03-09T09:26:37.914Z"}
{"level":"info","message":"POST /api/auth/login","timestamp":"2025-03-09T09:27:09.214Z"}
{"level":"info","message":"GET /api/customers/1/orders","timestamp":"2025-03-09T09:27:26.675Z"}
{"level":"info","message":"GET /api/orders/5","timestamp":"2025-03-09T09:28:09.636Z"}
{"level":"info","message":"GET /api/orders/5","timestamp":"2025-03-09T09:30:51.212Z"}
{"level":"info","message":"POST /api/auth/login","timestamp":"2025-03-09T09:34:47.521Z"}
{"level":"info","message":"GET /api/orders/5","timestamp":"2025-03-09T09:35:04.675Z"}
{"level":"info","message":"Server running on port 5000","timestamp":"2025-03-09T09:47:12.891Z"}
{"level":"info","message":"GET /api/orders/5","timestamp":"2025-03-09T09:47:19.698Z"}
{"level":"info","message":"GET /api/customers/1/orders","timestamp":"2025-03-09T09:47:24.210Z"}
{"level":"info","message":"Server running on port 5000","timestamp":"2025-03-09T09:56:11.744Z"}
{"level":"info","message":"GET /api-docs/","timestamp":"2025-03-09T09:56:17.633Z"}
{"level":"info","message":"GET /api-docs/swagger-ui.css","timestamp":"2025-03-09T09:56:17.742Z"}
{"level":"info","message":"GET /api-docs/swagger-ui-bundle.js","timestamp":"2025-03-09T09:56:17.764Z"}
{"level":"info","message":"GET /api-docs/swagger-ui-standalone-preset.js","timestamp":"2025-03-09T09:56:17.801Z"}
{"level":"info","message":"GET /api-docs/swagger-ui-init.js","timestamp":"2025-03-09T09:56:17.811Z"}
{"level":"info","message":"GET /api-docs/","timestamp":"2025-03-09T09:56:56.552Z"}
{"level":"info","message":"GET /api-docs/swagger-ui.css","timestamp":"2025-03-09T09:56:56.644Z"}
{"level":"info","message":"GET /api-docs/swagger-ui-bundle.js","timestamp":"2025-03-09T09:56:56.651Z"}
{"level":"info","message":"GET /api-docs/swagger-ui-standalone-preset.js","timestamp":"2025-03-09T09:56:56.655Z"}
{"level":"info","message":"GET /api-docs/swagger-ui-init.js","timestamp":"2025-03-09T09:56:56.663Z"}
{"level":"info","message":"GET /api-docs/favicon-32x32.png","timestamp":"2025-03-09T09:56:57.143Z"}
{"level":"info","message":"Server running on port 5000","timestamp":"2025-03-09T09:59:12.923Z"}
{"level":"info","message":"GET /api-docs/","timestamp":"2025-03-09T09:59:15.466Z"}
{"level":"info","message":"GET /api-docs/swagger-ui.css","timestamp":"2025-03-09T09:59:15.637Z"}
{"level":"info","message":"GET /api-docs/swagger-ui-bundle.js","timestamp":"2025-03-09T09:59:15.652Z"}
{"level":"info","message":"GET /api-docs/swagger-ui-standalone-preset.js","timestamp":"2025-03-09T09:59:15.659Z"}
{"level":"info","message":"GET /api-docs/swagger-ui-init.js","timestamp":"2025-03-09T09:59:15.669Z"}
{"level":"info","message":"GET /api/orders/5","timestamp":"2025-03-09T10:02:42.782Z"}
{"level":"info","message":"GET /api-docs/","timestamp":"2025-03-09T10:03:19.707Z"}
{"level":"info","message":"GET /api-docs/swagger-ui.css","timestamp":"2025-03-09T10:03:19.800Z"}
{"level":"info","message":"GET /api-docs/swagger-ui-bundle.js","timestamp":"2025-03-09T10:03:19.804Z"}
{"level":"info","message":"GET /api-docs/swagger-ui-standalone-preset.js","timestamp":"2025-03-09T10:03:19.815Z"}
{"level":"info","message":"GET /api-docs/swagger-ui-init.js","timestamp":"2025-03-09T10:03:19.825Z"}
{"level":"info","message":"GET /api-docs/favicon-32x32.png","timestamp":"2025-03-09T10:03:20.518Z"}
{"level":"info","message":"GET /api-docs/","timestamp":"2025-03-09T10:03:24.386Z"}
{"level":"info","message":"GET /api-docs/swagger-ui.css","timestamp":"2025-03-09T10:03:24.451Z"}
{"level":"info","message":"GET /api-docs/swagger-ui-bundle.js","timestamp":"2025-03-09T10:03:24.455Z"}
{"level":"info","message":"GET /api-docs/swagger-ui-standalone-preset.js","timestamp":"2025-03-09T10:03:24.457Z"}
{"level":"info","message":"GET /api-docs/swagger-ui-init.js","timestamp":"2025-03-09T10:03:24.462Z"}
{"level":"info","message":"Server running on port 5000","timestamp":"2025-03-09T10:08:06.600Z"}
{"level":"info","message":"GET /api-docs/","timestamp":"2025-03-09T10:08:09.023Z"}
{"level":"info","message":"GET /api-docs/swagger-ui.css","timestamp":"2025-03-09T10:08:09.201Z"}
{"level":"info","message":"GET /api-docs/swagger-ui-bundle.js","timestamp":"2025-03-09T10:08:09.218Z"}
{"level":"info","message":"GET /api-docs/swagger-ui-standalone-preset.js","timestamp":"2025-03-09T10:08:09.221Z"}
{"level":"info","message":"GET /api-docs/swagger-ui-init.js","timestamp":"2025-03-09T10:08:09.224Z"}
{"level":"info","message":"Server running on port 5000","timestamp":"2025-03-09T10:09:24.463Z"}
{"level":"info","message":"GET /api-docs/","timestamp":"2025-03-09T10:09:25.962Z"}
{"level":"info","message":"GET /api-docs/swagger-ui.css","timestamp":"2025-03-09T10:09:26.315Z"}
{"level":"info","message":"GET /api-docs/swagger-ui-bundle.js","timestamp":"2025-03-09T10:09:26.323Z"}
{"level":"info","message":"GET /api-docs/swagger-ui-standalone-preset.js","timestamp":"2025-03-09T10:09:26.328Z"}
{"level":"info","message":"GET /api-docs/swagger-ui-init.js","timestamp":"2025-03-09T10:09:26.332Z"}
{"level":"info","message":"Server running on port 5000","timestamp":"2025-03-09T10:10:04.988Z"}
{"level":"info","message":"GET /api-docs/","timestamp":"2025-03-09T10:10:06.802Z"}
{"level":"info","message":"GET /api-docs/swagger-ui.css","timestamp":"2025-03-09T10:10:06.890Z"}
{"level":"info","message":"GET /api-docs/swagger-ui-bundle.js","timestamp":"2025-03-09T10:10:06.927Z"}
{"level":"info","message":"GET /api-docs/swagger-ui-standalone-preset.js","timestamp":"2025-03-09T10:10:06.936Z"}
{"level":"info","message":"GET /api-docs/swagger-ui-init.js","timestamp":"2025-03-09T10:10:06.939Z"}
{"level":"info","message":"Server running on port 5000","timestamp":"2025-03-09T10:20:14.905Z"}
{"level":"info","message":"GET /api-docs/","timestamp":"2025-03-09T10:20:17.243Z"}
{"level":"info","message":"GET /api-docs/swagger-ui.css","timestamp":"2025-03-09T10:20:17.531Z"}
{"level":"info","message":"GET /api-docs/swagger-ui-bundle.js","timestamp":"2025-03-09T10:20:17.537Z"}
{"level":"info","message":"GET /api-docs/swagger-ui-standalone-preset.js","timestamp":"2025-03-09T10:20:17.539Z"}
{"level":"info","message":"GET /api-docs/swagger-ui-init.js","timestamp":"2025-03-09T10:20:17.553Z"}
{"level":"info","message":"GET /api/customers/6/orders","timestamp":"2025-03-09T10:20:25.392Z"}
{"level":"info","message":"Server running on port 5000","timestamp":"2025-03-09T11:05:04.007Z"}
{"level":"info","message":"GET /api/customers/1/orders","timestamp":"2025-03-09T11:05:07.755Z"}
{"level":"info","message":"GET /api/orders/5","timestamp":"2025-03-09T11:05:12.894Z"}
{"level":"info","message":"Server running on port 5000","timestamp":"2025-03-10T07:50:32.430Z"}
{"level":"info","message":"GET /api-docs/","timestamp":"2025-03-10T07:50:36.716Z"}
{"level":"info","message":"GET /api-docs/swagger-ui.css","timestamp":"2025-03-10T07:50:36.811Z"}
{"level":"info","message":"GET /api-docs/swagger-ui-bundle.js","timestamp":"2025-03-10T07:50:36.817Z"}
{"level":"info","message":"GET /api-docs/swagger-ui-init.js","timestamp":"2025-03-10T07:50:36.837Z"}
{"level":"info","message":"GET /api-docs/swagger-ui-standalone-preset.js","timestamp":"2025-03-10T07:50:36.855Z"}
{"level":"info","message":"GET /api/orders/5/tracking","timestamp":"2025-03-10T07:50:50.956Z"}
{"level":"info","message":"GET /api/customers/4/recommendations","timestamp":"2025-03-10T07:51:21.107Z"}
{"level":"info","message":"GET /api/customers/4/orders","timestamp":"2025-03-10T07:51:56.275Z"}
{"level":"info","message":"POST /api/orders/1/tracking","timestamp":"2025-03-10T07:52:28.020Z"}
{"level":"info","message":"GET /api/orders/1/tracking","timestamp":"2025-03-10T07:52:51.157Z"}
{"level":"info","message":"GET /api/customers/1/recommendations","timestamp":"2025-03-10T07:53:19.568Z"}
{"level":"info","message":"GET /api/orders/1/tracking","timestamp":"2025-03-10T07:54:37.445Z"}
{"level":"info","message":"GET /api/orders/1/tracking","timestamp":"2025-03-10T07:59:49.503Z"}
{"level":"info","message":"Server running on port 5000","timestamp":"2025-03-10T08:00:50.312Z"}
{"level":"info","message":"GET /api/orders/1/tracking","timestamp":"2025-03-10T08:01:05.629Z"}
{"level":"info","message":"GET /api-docs/","timestamp":"2025-03-10T08:01:39.278Z"}
{"level":"info","message":"GET /api-docs/swagger-ui.css","timestamp":"2025-03-10T08:01:39.521Z"}
{"level":"info","message":"GET /api-docs/swagger-ui-init.js","timestamp":"2025-03-10T08:01:39.529Z"}
{"level":"info","message":"GET /api-docs/swagger-ui-bundle.js","timestamp":"2025-03-10T08:01:39.544Z"}
{"level":"info","message":"GET /api-docs/swagger-ui-standalone-preset.js","timestamp":"2025-03-10T08:01:39.552Z"}
{"level":"info","message":"GET /api/orders/3/tracking","timestamp":"2025-03-10T08:01:47.997Z"}
{"level":"info","message":"GET /api/orders/1/tracking","timestamp":"2025-03-10T08:07:14.143Z"}
{"level":"info","message":"Server running on port 5000","timestamp":"2025-03-10T08:18:19.182Z"}
{"level":"info","message":"GET /api/orders/1/tracking","timestamp":"2025-03-10T08:18:24.078Z"}
{"level":"info","message":"GET /api/customers/1/recommendations","timestamp":"2025-03-10T08:19:18.451Z"}
{"level":"info","message":"GET /api-docs/","timestamp":"2025-03-10T08:19:32.713Z"}
{"level":"info","message":"GET /api-docs/swagger-ui.css","timestamp":"2025-03-10T08:19:32.823Z"}
{"level":"info","message":"GET /api-docs/swagger-ui-bundle.js","timestamp":"2025-03-10T08:19:32.840Z"}
{"level":"info","message":"GET /api-docs/swagger-ui-standalone-preset.js","timestamp":"2025-03-10T08:19:32.877Z"}
{"level":"info","message":"GET /api-docs/swagger-ui-init.js","timestamp":"2025-03-10T08:19:32.978Z"}
{"level":"info","message":"GET /api/orders/5/tracking","timestamp":"2025-03-10T08:19:40.714Z"}
{"level":"info","message":"GET /api/customers/3/recommendations","timestamp":"2025-03-10T08:19:52.380Z"}
{"level":"info","message":"Server running on port 5000","timestamp":"2025-03-10T09:16:40.477Z"}
{"level":"info","message":"GET /graphql","timestamp":"2025-03-10T09:16:59.177Z"}
{"level":"info","message":"POST /graphql?","timestamp":"2025-03-10T09:17:00.059Z"}
{"level":"info","message":"GET /favicon.ico","timestamp":"2025-03-10T09:17:00.353Z"}
{"level":"info","message":"POST /graphql?","timestamp":"2025-03-10T09:17:14.336Z"}
{"level":"info","message":"GET /graphql","timestamp":"2025-03-10T09:17:20.305Z"}
{"level":"info","message":"POST /graphql?","timestamp":"2025-03-10T09:17:20.498Z"}
{"level":"info","message":"POST /graphql?","timestamp":"2025-03-10T09:17:22.030Z"}
{"level":"info","message":"GET /graphql","timestamp":"2025-03-10T09:17:59.752Z"}
{"level":"info","message":"POST /graphql?","timestamp":"2025-03-10T09:17:59.946Z"}
{"level":"info","message":"POST /graphql?","timestamp":"2025-03-10T09:18:11.987Z"}
{"level":"info","message":"GET /api-docs/","timestamp":"2025-03-10T09:27:46.433Z"}
{"level":"info","message":"GET /api-docs/swagger-ui.css","timestamp":"2025-03-10T09:27:46.555Z"}
{"level":"info","message":"GET /api-docs/swagger-ui-bundle.js","timestamp":"2025-03-10T09:27:46.577Z"}
{"level":"info","message":"GET /api-docs/swagger-ui-standalone-preset.js","timestamp":"2025-03-10T09:27:46.584Z"}
{"level":"info","message":"GET /api-docs/swagger-ui-init.js","timestamp":"2025-03-10T09:27:46.590Z"}
{"level":"info","message":"Server running on port 5000","timestamp":"2025-03-10T09:40:12.498Z"}
{"level":"info","message":"GET /graphql?query=%23%20Welcome%20to%20GraphiQL%0A%23%0A%23%20GraphiQL%20is%20an%20in-browser%20tool%20for%20writing%2C%20validating%2C%20and%0A%23%20testing%20GraphQL%20queries.%0A%23%0A%23%20Type%20queries%20into%20this%20side%20of%20the%20screen%2C%20and%20you%20will%20see%20intelligent%0A%23%20typeaheads%20aware%20of%20the%20current%20GraphQL%20type%20schema%20and%20live%20syntax%20and%0A%23%20validation%20errors%20highlighted%20within%20the%20text.%0A%23%0A%23%20GraphQL%20queries%20typically%20start%20with%20a%20%22%7B%22%20character.%20Lines%20that%20start%0A%23%20with%20a%20%23%20are%20ignored.%0A%23%0A%23%20An%20example%20GraphQL%20query%20might%20look%20like%3A%0A%23%0A%23%20%20%20%20%20%7B%0A%23%20%20%20%20%20%20%20field(arg%3A%20%22value%22)%20%7B%0A%23%20%20%20%20%20%20%20%20%20subField%0A%23%20%20%20%20%20%20%20%7D%0A%23%20%20%20%20%20%7D%0A%23%0A%23%20Keyboard%20shortcuts%3A%0A%23%0A%23%20%20Prettify%20Query%3A%20%20Shift-Ctrl-P%20(or%20press%20the%20prettify%20button%20above)%0A%23%0A%23%20%20%20%20%20Merge%20Query%3A%20%20Shift-Ctrl-M%20(or%20press%20the%20merge%20button%20above)%0A%23%0A%23%20%20%20%20%20%20%20Run%20Query%3A%20%20Ctrl-Enter%20(or%20press%20the%20play%20button%20above)%0A%23%0A%23%20%20%20Auto%20Complete%3A%20%20Ctrl-Space%20(or%20just%20start%20typing)%0A%23%0A%0A%7B%0A%20%20hello%0A%7D","timestamp":"2025-03-10T09:40:18.013Z"}
{"level":"info","message":"POST /graphql?","timestamp":"2025-03-10T09:40:18.481Z"}
{"level":"info","message":"GET /graphql","timestamp":"2025-03-10T09:40:36.742Z"}
{"level":"info","message":"POST /graphql?","timestamp":"2025-03-10T09:40:37.493Z"}
{"level":"info","message":"POST /graphql?","timestamp":"2025-03-10T09:40:57.403Z"}
{"level":"info","message":"POST /graphql?","timestamp":"2025-03-10T09:41:13.965Z"}
{"level":"info","message":"POST /graphql?","timestamp":"2025-03-10T09:41:32.476Z"}
{"level":"info","message":"POST /graphql?","timestamp":"2025-03-10T09:42:14.802Z"}
{"level":"info","message":"GET /graphql","timestamp":"2025-03-10T09:42:51.711Z"}
{"level":"info","message":"POST /graphql?","timestamp":"2025-03-10T09:42:52.267Z"}
{"level":"info","message":"POST /graphql?","timestamp":"2025-03-10T09:43:12.732Z"}
{"level":"info","message":"GET /graphql","timestamp":"2025-03-10T09:43:27.412Z"}
{"level":"info","message":"POST /graphql?","timestamp":"2025-03-10T09:43:28.056Z"}
{"level":"info","message":"POST /graphql?","timestamp":"2025-03-10T09:43:43.117Z"}
{"level":"info","message":"POST /graphql?","timestamp":"2025-03-10T09:44:10.895Z"}
{"level":"info","message":"POST /graphql?","timestamp":"2025-03-10T09:44:30.611Z"}
{"level":"info","message":"GET /graphql?query=%23%20Welcome%20to%20GraphiQL%0A%23%0A%23%20GraphiQL%20is%20an%20in-browser%20tool%20for%20writing%2C%20validating%2C%20and%0A%23%20testing%20GraphQL%20queries.%0A%23%0A%23%20Type%20queries%20into%20this%20side%20of%20the%20screen%2C%20and%20you%20will%20see%20intelligent%0A%23%20typeaheads%20aware%20of%20the%20current%20GraphQL%20type%20schema%20and%20live%20syntax%20and%0A%23%20validation%20errors%20highlighted%20within%20the%20text.%0A%23%0A%23%20GraphQL%20queries%20typically%20start%20with%20a%20%22%7B%22%20character.%20Lines%20that%20start%0A%23%20with%20a%20%23%20are%20ignored.%0A%23%0A%23%20An%20example%20GraphQL%20query%20might%20look%20like%3A%0A%23%0A%23%20%20%20%20%20%7B%0A%23%20%20%20%20%20%20%20field(arg%3A%20%22value%22)%20%7B%0A%23%20%20%20%20%20%20%20%20%20subField%0A%23%20%20%20%20%20%20%20%7D%0A%23%20%20%20%20%20%7D%0A%23%0A%23%20Keyboard%20shortcuts%3A%0A%23%0A%23%20%20Prettify%20Query%3A%20%20Shift-Ctrl-P%20(or%20press%20the%20prettify%20button%20above)%0A%23%0A%23%20%20%20%20%20Merge%20Query%3A%20%20Shift-Ctrl-M%20(or%20press%20the%20merge%20button%20above)%0A%23%0A%23%20%20%20%20%20%20%20Run%20Query%3A%20%20Ctrl-Enter%20(or%20press%20the%20play%20button%20above)%0A%23%0A%23%20%20%20Auto%20Complete%3A%20%20Ctrl-Space%20(or%20just%20start%20typing)%0A%23%0A%7B%0A%20%20products%20%7B%0A%20%20%20%20id%0A%20%20%20%20name%0A%20%20%20%20price%0A%20%20%7D%0A%7D%0A%0A","timestamp":"2025-03-10T09:49:48.121Z"}
{"level":"info","message":"POST /graphql?","timestamp":"2025-03-10T09:49:48.847Z"}
{"level":"info","message":"POST /graphql?","timestamp":"2025-03-10T09:49:51.920Z"}
{"level":"info","message":"Server running on port 5000","timestamp":"2025-03-10T09:50:41.012Z"}
{"level":"info","message":"GET /graphql","timestamp":"2025-03-10T09:52:41.650Z"}
{"level":"info","message":"POST /graphql?","timestamp":"2025-03-10T09:52:42.311Z"}
{"level":"info","message":"POST /graphql?","timestamp":"2025-03-10T09:52:44.892Z"}
{"level":"info","message":"POST /graphql?","timestamp":"2025-03-10T09:53:04.709Z"}
{"level":"info","message":"Server running on port 5000","timestamp":"2025-03-10T09:56:35.279Z"}
{"level":"info","message":"GET /graphql?query=%23%20Welcome%20to%20GraphiQL%0A%23%0A%23%20GraphiQL%20is%20an%20in-browser%20tool%20for%20writing%2C%20validating%2C%20and%0A%23%20testing%20GraphQL%20queries.%0A%23%0A%23%20Type%20queries%20into%20this%20side%20of%20the%20screen%2C%20and%20you%20will%20see%20intelligent%0A%23%20typeaheads%20aware%20of%20the%20current%20GraphQL%20type%20schema%20and%20live%20syntax%20and%0A%23%20validation%20errors%20highlighted%20within%20the%20text.%0A%23%0A%23%20GraphQL%20queries%20typically%20start%20with%20a%20%22%7B%22%20character.%20Lines%20that%20start%0A%23%20with%20a%20%23%20are%20ignored.%0A%23%0A%23%20An%20example%20GraphQL%20query%20might%20look%20like%3A%0A%23%0A%23%20%20%20%20%20%7B%0A%23%20%20%20%20%20%20%20field(arg%3A%20%22value%22)%20%7B%0A%23%20%20%20%20%20%20%20%20%20subField%0A%23%20%20%20%20%20%20%20%7D%0A%23%20%20%20%20%20%7D%0A%23%0A%23%20Keyboard%20shortcuts%3A%0A%23%0A%23%20%20Prettify%20Query%3A%20%20Shift-Ctrl-P%20(or%20press%20the%20prettify%20button%20above)%0A%23%0A%23%20%20%20%20%20Merge%20Query%3A%20%20Shift-Ctrl-M%20(or%20press%20the%20merge%20button%20above)%0A%23%0A%23%20%20%20%20%20%20%20Run%20Query%3A%20%20Ctrl-Enter%20(or%20press%20the%20play%20button%20above)%0A%23%0A%23%20%20%20Auto%20Complete%3A%20%20Ctrl-Space%20(or%20just%20start%20typing)%0A%23%0Amutation%20%7B%0A%20%20createOrder(customer_id%3A%201%2C%20product_id%3A%202%2C%20quantity%3A%203%2C%20total_price%3A%20449.97)%20%7B%0A%20%20%20%20id%0A%20%20%20%20customer_id%0A%20%20%20%20product_id%0A%20%20%20%20quantity%0A%20%20%20%20total_price%0A%20%20%7D%0A%7D%0A%0A","timestamp":"2025-03-10T09:56:40.796Z"}
{"level":"info","message":"POST /graphql?","timestamp":"2025-03-10T09:56:41.406Z"}
{"level":"info","message":"POST /graphql?","timestamp":"2025-03-10T09:56:45.464Z"}
{"level":"info","message":"GET /api-docs/","timestamp":"2025-03-10T10:06:33.028Z"}
{"level":"info","message":"GET /api-docs/swagger-ui.css","timestamp":"2025-03-10T10:06:33.132Z"}
{"level":"info","message":"GET /api-docs/swagger-ui-bundle.js","timestamp":"2025-03-10T10:06:33.154Z"}
{"level":"info","message":"GET /api-docs/swagger-ui-standalone-preset.js","timestamp":"2025-03-10T10:06:33.208Z"}
{"level":"info","message":"GET /api-docs/swagger-ui-init.js","timestamp":"2025-03-10T10:06:33.223Z"}
{"level":"info","message":"GET /api/customers/8/recommendations","timestamp":"2025-03-10T10:06:45.259Z"}
{"level":"info","message":"Server running on port 5000","timestamp":"2025-03-10T11:00:43.360Z"}
{"level":"info","message":"GET /graphql?query=%23%20Welcome%20to%20GraphiQL%0A%23%0A%23%20GraphiQL%20is%20an%20in-browser%20tool%20for%20writing%2C%20validating%2C%20and%0A%23%20testing%20GraphQL%20queries.%0A%23%0A%23%20Type%20queries%20into%20this%20side%20of%20the%20screen%2C%20and%20you%20will%20see%20intelligent%0A%23%20typeaheads%20aware%20of%20the%20current%20GraphQL%20type%20schema%20and%20live%20syntax%20and%0A%23%20validation%20errors%20highlighted%20within%20the%20text.%0A%23%0A%23%20GraphQL%20queries%20typically%20start%20with%20a%20%22%7B%22%20character.%20Lines%20that%20start%0A%23%20with%20a%20%23%20are%20ignored.%0A%23%0A%23%20An%20example%20GraphQL%20query%20might%20look%20like%3A%0A%23%0A%23%20%20%20%20%20%7B%0A%23%20%20%20%20%20%20%20field(arg%3A%20%22value%22)%20%7B%0A%23%20%20%20%20%20%20%20%20%20subField%0A%23%20%20%20%20%20%20%20%7D%0A%23%20%20%20%20%20%7D%0A%23%0A%23%20Keyboard%20shortcuts%3A%0A%23%0A%23%20%20Prettify%20Query%3A%20%20Shift-Ctrl-P%20(or%20press%20the%20prettify%20button%20above)%0A%23%0A%23%20%20%20%20%20Merge%20Query%3A%20%20Shift-Ctrl-M%20(or%20press%20the%20merge%20button%20above)%0A%23%0A%23%20%20%20%20%20%20%20Run%20Query%3A%20%20Ctrl-Enter%20(or%20press%20the%20play%20button%20above)%0A%23%0A%23%20%20%20Auto%20Complete%3A%20%20Ctrl-Space%20(or%20just%20start%20typing)%0A%23%0Amutation%20%7B%0A%20%20createOrder(customer_id%3A%201%2C%20product_id%3A%202%2C%20quantity%3A%203%2C%20total_price%3A%20449.97)%20%7B%0A%20%20%20%20id%0A%20%20%20%20customer_id%0A%20%20%20%20product_id%0A%20%20%20%20quantity%0A%20%20%20%20total_price%0A%20%20%7D%0A%7D%0A%0A","timestamp":"2025-03-10T11:00:54.357Z"}
{"level":"info","message":"POST /graphql?","timestamp":"2025-03-10T11:00:54.899Z"}
{"level":"info","message":"POST /graphql?","timestamp":"2025-03-10T11:01:12.819Z"}
{"level":"info","message":"GET /api/customers/1/orders","timestamp":"2025-03-10T11:01:53.320Z"}
{"level":"info","message":"POST /graphql?","timestamp":"2025-03-10T11:02:32.897Z"}
{"level":"info","message":"POST /graphql?","timestamp":"2025-03-10T11:02:47.221Z"}
{"level":"info","message":"POST /graphql?","timestamp":"2025-03-10T11:03:40.148Z"}
{"level":"info","message":"POST /graphql?","timestamp":"2025-03-10T11:04:06.779Z"}
{"level":"info","message":"POST /graphql?","timestamp":"2025-03-10T11:04:29.954Z"}
{"level":"info","message":"POST /graphql?","timestamp":"2025-03-10T11:05:16.675Z"}
{"level":"info","message":"POST /graphql?","timestamp":"2025-03-10T11:05:40.380Z"}
{"level":"info","message":"Server running on port 5000","timestamp":"2025-03-10T11:12:52.333Z"}
{"level":"info","message":"POST /graphql?","timestamp":"2025-03-10T11:12:57.554Z"}
{"level":"info","message":"GET /graphql?query=%23%20Welcome%20to%20GraphiQL%0A%23%0A%23%20GraphiQL%20is%20an%20in-browser%20tool%20for%20writing%2C%20validating%2C%20and%0A%23%20testing%20GraphQL%20queries.%0A%23%0A%23%20Type%20queries%20into%20this%20side%20of%20the%20screen%2C%20and%20you%20will%20see%20intelligent%0A%23%20typeaheads%20aware%20of%20the%20current%20GraphQL%20type%20schema%20and%20live%20syntax%20and%0A%23%20validation%20errors%20highlighted%20within%20the%20text.%0A%23%0A%23%20GraphQL%20queries%20typically%20start%20with%20a%20%22%7B%22%20character.%20Lines%20that%20start%0A%23%20with%20a%20%23%20are%20ignored.%0A%23%0A%23%20An%20example%20GraphQL%20query%20might%20look%20like%3A%0A%23%0A%23%20%20%20%20%20%7B%0A%23%20%20%20%20%20%20%20field(arg%3A%20%22value%22)%20%7B%0A%23%20%20%20%20%20%20%20%20%20subField%0A%23%20%20%20%20%20%20%20%7D%0A%23%20%20%20%20%20%7D%0A%23%0A%23%20Keyboard%20shortcuts%3A%0A%23%0A%23%20%20Prettify%20Query%3A%20%20Shift-Ctrl-P%20(or%20press%20the%20prettify%20button%20above)%0A%23%0A%23%20%20%20%20%20Merge%20Query%3A%20%20Shift-Ctrl-M%20(or%20press%20the%20merge%20button%20above)%0A%23%0A%23%20%20%20%20%20%20%20Run%20Query%3A%20%20Ctrl-Enter%20(or%20press%20the%20play%20button%20above)%0A%23%0A%23%20%20%20Auto%20Complete%3A%20%20Ctrl-Space%20(or%20just%20start%20typing)%0A%23%0A%0A%7B%0A%20%20getShippingDetails(order_id%3A%205)%0A%7D%0A%0A%0A","timestamp":"2025-03-10T11:13:00.709Z"}
{"level":"info","message":"POST /graphql?","timestamp":"2025-03-10T11:13:01.436Z"}
{"level":"info","message":"POST /graphql?","timestamp":"2025-03-10T11:13:03.670Z"}
{"level":"info","message":"Server running on port 5000","timestamp":"2025-03-10T11:19:41.086Z"}
{"level":"info","message":"GET /graphql?query=%23%20Welcome%20to%20GraphiQL%0A%23%0A%23%20GraphiQL%20is%20an%20in-browser%20tool%20for%20writing%2C%20validating%2C%20and%0A%23%20testing%20GraphQL%20queries.%0A%23%0A%23%20Type%20queries%20into%20this%20side%20of%20the%20screen%2C%20and%20you%20will%20see%20intelligent%0A%23%20typeaheads%20aware%20of%20the%20current%20GraphQL%20type%20schema%20and%20live%20syntax%20and%0A%23%20validation%20errors%20highlighted%20within%20the%20text.%0A%23%0A%23%20GraphQL%20queries%20typically%20start%20with%20a%20%22%7B%22%20character.%20Lines%20that%20start%0A%23%20with%20a%20%23%20are%20ignored.%0A%23%0A%23%20An%20example%20GraphQL%20query%20might%20look%20like%3A%0A%23%0A%23%20%20%20%20%20%7B%0A%23%20%20%20%20%20%20%20field(arg%3A%20%22value%22)%20%7B%0A%23%20%20%20%20%20%20%20%20%20subField%0A%23%20%20%20%20%20%20%20%7D%0A%23%20%20%20%20%20%7D%0A%23%0A%23%20Keyboard%20shortcuts%3A%0A%23%0A%23%20%20Prettify%20Query%3A%20%20Shift-Ctrl-P%20(or%20press%20the%20prettify%20button%20above)%0A%23%0A%23%20%20%20%20%20Merge%20Query%3A%20%20Shift-Ctrl-M%20(or%20press%20the%20merge%20button%20above)%0A%23%0A%23%20%20%20%20%20%20%20Run%20Query%3A%20%20Ctrl-Enter%20(or%20press%20the%20play%20button%20above)%0A%23%0A%23%20%20%20Auto%20Complete%3A%20%20Ctrl-Space%20(or%20just%20start%20typing)%0A%23%0A%0A%7B%0A%20%20getShippingDetails(order_id%3A%205)%0A%7D%0A%0A%0A","timestamp":"2025-03-10T11:19:45.881Z"}
{"level":"info","message":"POST /graphql?","timestamp":"2025-03-10T11:19:46.224Z"}
{"level":"info","message":"POST /graphql?","timestamp":"2025-03-10T11:20:19.785Z"}
{"level":"info","message":"POST /graphql?","timestamp":"2025-03-10T11:20:56.724Z"}
{"level":"info","message":"POST /graphql?","timestamp":"2025-03-10T11:21:58.226Z"}
{"level":"info","message":"POST /graphql?","timestamp":"2025-03-10T11:22:42.958Z"}
{"level":"info","message":"POST /graphql?","timestamp":"2025-03-10T11:22:58.252Z"}
{"level":"info","message":"Server running on port 5000","timestamp":"2025-03-10T12:00:43.045Z"}
{"level":"info","message":"GET /graphql?query=%23%20Welcome%20to%20GraphiQL%0A%23%0A%23%20GraphiQL%20is%20an%20in-browser%20tool%20for%20writing%2C%20validating%2C%20and%0A%23%20testing%20GraphQL%20queries.%0A%23%0A%23%20Type%20queries%20into%20this%20side%20of%20the%20screen%2C%20and%20you%20will%20see%20intelligent%0A%23%20typeaheads%20aware%20of%20the%20current%20GraphQL%20type%20schema%20and%20live%20syntax%20and%0A%23%20validation%20errors%20highlighted%20within%20the%20text.%0A%23%0A%23%20GraphQL%20queries%20typically%20start%20with%20a%20%22%7B%22%20character.%20Lines%20that%20start%0A%23%20with%20a%20%23%20are%20ignored.%0A%23%0A%23%20An%20example%20GraphQL%20query%20might%20look%20like%3A%0A%23%0A%23%20%20%20%20%20%7B%0A%23%20%20%20%20%20%20%20field(arg%3A%20%22value%22)%20%7B%0A%23%20%20%20%20%20%20%20%20%20subField%0A%23%20%20%20%20%20%20%20%7D%0A%23%20%20%20%20%20%7D%0A%23%0A%23%20Keyboard%20shortcuts%3A%0A%23%0A%23%20%20Prettify%20Query%3A%20%20Shift-Ctrl-P%20(or%20press%20the%20prettify%20button%20above)%0A%23%0A%23%20%20%20%20%20Merge%20Query%3A%20%20Shift-Ctrl-M%20(or%20press%20the%20merge%20button%20above)%0A%23%0A%23%20%20%20%20%20%20%20Run%20Query%3A%20%20Ctrl-Enter%20(or%20press%20the%20play%20button%20above)%0A%23%0A%23%20%20%20Auto%20Complete%3A%20%20Ctrl-Space%20(or%20just%20start%20typing)%0A%23%0A%0A%7B%0A%20%20getOrdersByCustomer(customer_id%3A%201)%20%7B%0A%20%20%20%20id%0A%20%20%20%20product_id%0A%20%20%20%20quantity%0A%20%20%20%20total_price%0A%20%20%7D%0A%7D%0A%0A%0A","timestamp":"2025-03-10T12:00:48.420Z"}
{"level":"info","message":"GET /graphql?query=%23%20Welcome%20to%20GraphiQL%0A%23%0A%23%20GraphiQL%20is%20an%20in-browser%20tool%20for%20writing%2C%20validating%2C%20and%0A%23%20testing%20GraphQL%20queries.%0A%23%0A%23%20Type%20queries%20into%20this%20side%20of%20the%20screen%2C%20and%20you%20will%20see%20intelligent%0A%23%20typeaheads%20aware%20of%20the%20current%20GraphQL%20type%20schema%20and%20live%20syntax%20and%0A%23%20validation%20errors%20highlighted%20within%20the%20text.%0A%23%0A%23%20GraphQL%20queries%20typically%20start%20with%20a%20%22%7B%22%20character.%20Lines%20that%20start%0A%23%20with%20a%20%23%20are%20ignored.%0A%23%0A%23%20An%20example%20GraphQL%20query%20might%20look%20like%3A%0A%23%0A%23%20%20%20%20%20%7B%0A%23%20%20%20%20%20%20%20field(arg%3A%20%22value%22)%20%7B%0A%23%20%20%20%20%20%20%20%20%20subField%0A%23%20%20%20%20%20%20%20%7D%0A%23%20%20%20%20%20%7D%0A%23%0A%23%20Keyboard%20shortcuts%3A%0A%23%0A%23%20%20Prettify%20Query%3A%20%20Shift-Ctrl-P%20(or%20press%20the%20prettify%20button%20above)%0A%23%0A%23%20%20%20%20%20Merge%20Query%3A%20%20Shift-Ctrl-M%20(or%20press%20the%20merge%20button%20above)%0A%23%0A%23%20%20%20%20%20%20%20Run%20Query%3A%20%20Ctrl-Enter%20(or%20press%20the%20play%20button%20above)%0A%23%0A%23%20%20%20Auto%20Complete%3A%20%20Ctrl-Space%20(or%20just%20start%20typing)%0A%23%0A%0A%7B%0A%20%20getOrdersByCustomer(customer_id%3A%201)%20%7B%0A%20%20%20%20id%0A%20%20%20%20product_id%0A%20%20%20%20quantity%0A%20%20%20%20total_price%0A%20%20%7D%0A%7D%0A%0A%0A","timestamp":"2025-03-10T12:00:55.652Z"}
{"level":"info","message":"POST /graphql?","timestamp":"2025-03-10T12:00:56.042Z"}
{"level":"info","message":"POST /graphql?","timestamp":"2025-03-10T12:00:59.134Z"}
{"level":"info","message":"POST /graphql?","timestamp":"2025-03-10T12:02:30.055Z"}
{"level":"info","message":"POST /graphql?","timestamp":"2025-03-10T12:02:38.213Z"}
{"level":"info","message":"POST /graphql?","timestamp":"2025-03-10T12:05:48.327Z"}
{"level":"info","message":"GET /graphql?query=%23%20Welcome%20to%20GraphiQL%0A%23%0A%23%20GraphiQL%20is%20an%20in-browser%20tool%20for%20writing%2C%20validating%2C%20and%0A%23%20testing%20GraphQL%20queries.%0A%23%0A%23%20Type%20queries%20into%20this%20side%20of%20the%20screen%2C%20and%20you%20will%20see%20intelligent%0A%23%20typeaheads%20aware%20of%20the%20current%20GraphQL%20type%20schema%20and%20live%20syntax%20and%0A%23%20validation%20errors%20highlighted%20within%20the%20text.%0A%23%0A%23%20GraphQL%20queries%20typically%20start%20with%20a%20%22%7B%22%20character.%20Lines%20that%20start%0A%23%20with%20a%20%23%20are%20ignored.%0A%23%0A%23%20An%20example%20GraphQL%20query%20might%20look%20like%3A%0A%23%0A%23%20%20%20%20%20%7B%0A%23%20%20%20%20%20%20%20field(arg%3A%20%22value%22)%20%7B%0A%23%20%20%20%20%20%20%20%20%20subField%0A%23%20%20%20%20%20%20%20%7D%0A%23%20%20%20%20%20%7D%0A%23%0A%23%20Keyboard%20shortcuts%3A%0A%23%0A%23%20%20Prettify%20Query%3A%20%20Shift-Ctrl-P%20(or%20press%20the%20prettify%20button%20above)%0A%23%0A%23%20%20%20%20%20Merge%20Query%3A%20%20Shift-Ctrl-M%20(or%20press%20the%20merge%20button%20above)%0A%23%0A%23%20%20%20%20%20%20%20Run%20Query%3A%20%20Ctrl-Enter%20(or%20press%20the%20play%20button%20above)%0A%23%0A%23%20%20%20Auto%20Complete%3A%20%20Ctrl-Space%20(or%20just%20start%20typing)%0A%23%0A%0Aquery%20%7B%0A%20%20getOrdersPaginated(customer_id%3A%201%2C%20first%3A%205%2C%20after%3A%20%2210%22)%20%7B%0A%20%20%20%20edges%20%7B%0A%20%20%20%20%20%20cursor%0A%20%20%20%20%20%20node%20%7B%0A%20%20%20%20%20%20%20%20id%0A%20%20%20%20%20%20%20%20customer_id%0A%20%20%20%20%20%20%20%20product_id%0A%20%20%20%20%20%20%20%20quantity%0A%20%20%20%20%20%20%20%20total_price%0A%20%20%20%20%20%20%7D%0A%20%20%20%20%7D%0A%20%20%20%20pageInfo%20%7B%0A%20%20%20%20%20%20hasNextPage%0A%20%20%20%20%20%20endCursor%0A%20%20%20%20%7D%0A%20%20%7D%0A%7D%0A%0A","timestamp":"2025-03-10T12:06:08.027Z"}
{"level":"info","message":"POST /graphql?","timestamp":"2025-03-10T12:06:08.617Z"}
{"level":"info","message":"Server running on port 5000","timestamp":"2025-03-10T12:14:14.950Z"}
{"level":"info","message":"GET /graphql?query=%23%20Welcome%20to%20GraphiQL%0A%23%0A%23%20GraphiQL%20is%20an%20in-browser%20tool%20for%20writing%2C%20validating%2C%20and%0A%23%20testing%20GraphQL%20queries.%0A%23%0A%23%20Type%20queries%20into%20this%20side%20of%20the%20screen%2C%20and%20you%20will%20see%20intelligent%0A%23%20typeaheads%20aware%20of%20the%20current%20GraphQL%20type%20schema%20and%20live%20syntax%20and%0A%23%20validation%20errors%20highlighted%20within%20the%20text.%0A%23%0A%23%20GraphQL%20queries%20typically%20start%20with%20a%20%22%7B%22%20character.%20Lines%20that%20start%0A%23%20with%20a%20%23%20are%20ignored.%0A%23%0A%23%20An%20example%20GraphQL%20query%20might%20look%20like%3A%0A%23%0A%23%20%20%20%20%20%7B%0A%23%20%20%20%20%20%20%20field(arg%3A%20%22value%22)%20%7B%0A%23%20%20%20%20%20%20%20%20%20subField%0A%23%20%20%20%20%20%20%20%7D%0A%23%20%20%20%20%20%7D%0A%23%0A%23%20Keyboard%20shortcuts%3A%0A%23%0A%23%20%20Prettify%20Query%3A%20%20Shift-Ctrl-P%20(or%20press%20the%20prettify%20button%20above)%0A%23%0A%23%20%20%20%20%20Merge%20Query%3A%20%20Shift-Ctrl-M%20(or%20press%20the%20merge%20button%20above)%0A%23%0A%23%20%20%20%20%20%20%20Run%20Query%3A%20%20Ctrl-Enter%20(or%20press%20the%20play%20button%20above)%0A%23%0A%23%20%20%20Auto%20Complete%3A%20%20Ctrl-Space%20(or%20just%20start%20typing)%0A%23%0A%0Aquery%20%7B%0A%20%20getOrdersPaginated(customer_id%3A%201%2C%20first%3A%205%2C%20after%3A%20%2210%22)%20%7B%0A%20%20%20%20edges%20%7B%0A%20%20%20%20%20%20cursor%0A%20%20%20%20%20%20node%20%7B%0A%20%20%20%20%20%20%20%20id%0A%20%20%20%20%20%20%20%20customer_id%0A%20%20%20%20%20%20%20%20product_id%0A%20%20%20%20%20%20%20%20quantity%0A%20%20%20%20%20%20%20%20total_price%0A%20%20%20%20%20%20%7D%0A%20%20%20%20%7D%0A%20%20%20%20pageInfo%20%7B%0A%20%20%20%20%20%20hasNextPage%0A%20%20%20%20%20%20endCursor%0A%20%20%20%20%7D%0A%20%20%7D%0A%7D%0A%0A","timestamp":"2025-03-10T12:14:19.560Z"}
{"level":"info","message":"POST /graphql?","timestamp":"2025-03-10T12:14:19.823Z"}
{"level":"info","message":"POST /graphql?","timestamp":"2025-03-10T12:15:04.872Z"}
{"level":"info","message":"POST /graphql?","timestamp":"2025-03-10T12:15:30.673Z"}
{"level":"info","message":"POST /graphql?","timestamp":"2025-03-10T12:15:44.590Z"}
{"level":"info","message":"POST /graphql?","timestamp":"2025-03-10T12:15:52.863Z"}
{"level":"info","message":"POST /graphql?","timestamp":"2025-03-10T12:16:43.630Z"}
{"level":"info","message":"POST /graphql?","timestamp":"2025-03-10T12:19:42.342Z"}
{"level":"info","message":"POST /graphql?","timestamp":"2025-03-10T12:19:50.365Z"}
{"level":"info","message":"POST /graphql?","timestamp":"2025-03-10T12:20:21.624Z"}
{"level":"info","message":"Server running on port 5000","timestamp":"2025-03-10T12:22:51.358Z"}
{"level":"info","message":"GET /graphql?query=query%20%7B%0A%20%20getRecommendations(customer_id%3A%202)%20%7B%0A%20%20%20%20id%0A%20%20%20%20name%0A%20%20%20%20price%0A%20%20%7D%0A%7D%0A","timestamp":"2025-03-10T12:22:55.018Z"}
{"level":"info","message":"POST /graphql?","timestamp":"2025-03-10T12:22:56.155Z"}
{"level":"info","message":"POST /graphql?","timestamp":"2025-03-10T12:23:19.107Z"}
{"level":"info","message":"Server running on port 5000","timestamp":"2025-03-10T12:31:37.015Z"}
{"level":"info","message":"GET /graphql?query=query%20%7B%0A%20%20getRecommendations(customer_id%3A%201)%20%7B%0A%20%20%20%20id%0A%20%20%20%20name%0A%20%20%20%20price%0A%20%20%7D%0A%7D%0A","timestamp":"2025-03-10T12:31:40.948Z"}
{"level":"info","message":"POST /graphql?","timestamp":"2025-03-10T12:31:41.979Z"}
{"level":"info","message":"Server running on port 5000","timestamp":"2025-03-10T12:36:03.418Z"}
{"level":"info","message":"GET /graphql?query=query%20%7B%0A%20%20getRecommendations(customer_id%3A%201)%20%7B%0A%20%20%20%20id%0A%20%20%20%20name%0A%20%20%20%20price%0A%20%20%7D%0A%7D%0A","timestamp":"2025-03-10T12:36:05.528Z"}
{"level":"info","message":"POST /graphql?","timestamp":"2025-03-10T12:36:06.650Z"}
{"level":"info","message":"POST /graphql?","timestamp":"2025-03-10T12:36:11.145Z"}
{"level":"info","message":"GET /api/customers/3/orders","timestamp":"2025-03-10T12:36:44.365Z"}
{"level":"info","message":"POST /graphql?","timestamp":"2025-03-10T12:37:07.967Z"}
{"level":"info","message":"POST /graphql?","timestamp":"2025-03-10T12:38:06.966Z"}
{"level":"info","message":"POST /graphql?","timestamp":"2025-03-10T12:38:15.678Z"}
{"level":"info","message":"POST /graphql?","timestamp":"2025-03-10T12:38:24.442Z"}
{"level":"info","message":"Server running on port 5000","timestamp":"2025-03-10T12:39:05.008Z"}
{"level":"info","message":"GET /graphql?query=mutation%20%7B%0A%20%20createOrder(customer_id%3A%203%2C%20product_id%3A%2010%2C%20quantity%3A%202%2C%20total_price%3A%2050.0)%20%7B%0A%20%20%20%20id%0A%20%20%20%20customer_id%0A%20%20%20%20product_id%0A%20%20%20%20quantity%0A%20%20%20%20total_price%0A%20%20%7D%0A%7D%0A","timestamp":"2025-03-10T12:39:07.796Z"}
{"level":"info","message":"POST /graphql?","timestamp":"2025-03-10T12:39:08.450Z"}
{"level":"info","message":"POST /graphql?","timestamp":"2025-03-10T12:39:10.594Z"}
{"level":"info","message":"POST /graphql?","timestamp":"2025-03-10T12:39:28.933Z"}
{"level":"info","message":"POST /graphql?","timestamp":"2025-03-10T12:39:45.949Z"}
{"level":"info","message":"POST /graphql","timestamp":"2025-03-10T12:42:49.493Z"}
{"level":"info","message":"GET /graphql","timestamp":"2025-03-10T12:43:04.497Z"}
{"level":"info","message":"GET /graphql","timestamp":"2025-03-10T12:44:15.967Z"}
{"level":"info","message":"GET /graphql","timestamp":"2025-03-10T12:45:21.546Z"}
{"level":"info","message":"GET /graphql","timestamp":"2025-03-10T12:46:09.905Z"}
{"level":"info","message":"GET /graphql","timestamp":"2025-03-10T12:46:59.556Z"}
{"level":"info","message":"GET /graphql","timestamp":"2025-03-10T12:47:20.579Z"}
{"level":"info","message":"POST /graphql","timestamp":"2025-03-10T12:48:41.668Z"}
{"level":"info","message":"PUT /graphql","timestamp":"2025-03-10T12:49:36.403Z"}
{"level":"info","message":"POST /graphql","timestamp":"2025-03-10T12:50:12.494Z"}
{"level":"info","message":"POST /graphql","timestamp":"2025-03-10T12:51:17.080Z"}
{"level":"info","message":"GET /api-docs/","timestamp":"2025-03-10T12:52:46.191Z"}
{"level":"info","message":"GET /api-docs/swagger-ui.css","timestamp":"2025-03-10T12:52:46.280Z"}
{"level":"info","message":"GET /api-docs/swagger-ui-standalone-preset.js","timestamp":"2025-03-10T12:52:46.298Z"}
{"level":"info","message":"GET /api-docs/swagger-ui-bundle.js","timestamp":"2025-03-10T12:52:46.301Z"}
{"level":"info","message":"GET /api-docs/swagger-ui-init.js","timestamp":"2025-03-10T12:52:46.331Z"}
{"level":"info","message":"GET /api-docs/favicon-32x32.png","timestamp":"2025-03-10T12:52:47.429Z"}
{"level":"info","message":"GET /api/customers/8/recommendations","timestamp":"2025-03-10T12:52:52.992Z"}
{"level":"info","message":"Server running on port 5000","timestamp":"2025-03-10T13:04:58.435Z"}
{"level":"info","message":"GET /graphql?query=mutation%20%7B%0A%20%20deleteOrder(order_id%3A%2019)%0A%7D%0A","timestamp":"2025-03-10T13:05:02.337Z"}
{"level":"info","message":"POST /graphql?","timestamp":"2025-03-10T13:05:02.997Z"}
{"level":"info","message":"POST /graphql?","timestamp":"2025-03-10T13:05:11.157Z"}
{"level":"info","message":"POST /graphql?","timestamp":"2025-03-10T13:05:27.396Z"}
{"level":"info","message":"POST /graphql?","timestamp":"2025-03-10T13:05:49.040Z"}
{"level":"info","message":"Server running on port 5000","timestamp":"2025-03-10T13:31:35.870Z"}
{"level":"info","message":"GET /graphql?query=%7B%0A%20%20ordersPaginated(%0A%20%20%20%20customer_id%3A%202%2C%0A%20%20%20%20first%3A%203%2C%0A%20%20%20%20minPrice%3A%2030.0%2C%0A%20%20%20%20sortOrder%3A%20%22DESC%22%0A%20%20)%20%7B%0A%20%20%20%20edges%20%7B%0A%20%20%20%20%20%20node%20%7B%0A%20%20%20%20%20%20%20%20id%0A%20%20%20%20%20%20%20%20total_price%0A%20%20%20%20%20%20%7D%0A%20%20%20%20%7D%0A%20%20%20%20pageInfo%20%7B%0A%20%20%20%20%20%20hasNextPage%0A%20%20%20%20%20%20endCursor%0A%20%20%20%20%7D%0A%20%20%7D%0A%7D%0A","timestamp":"2025-03-10T13:31:42.037Z"}
{"level":"info","message":"POST /graphql?","timestamp":"2025-03-10T13:31:43.267Z"}
{"level":"info","message":"POST /graphql?","timestamp":"2025-03-10T13:31:54.876Z"}
{"level":"info","message":"POST /graphql?","timestamp":"2025-03-10T13:32:10.613Z"}
{"level":"info","message":"POST /graphql?","timestamp":"2025-03-10T13:32:26.525Z"}
{"level":"info","message":"POST /graphql?","timestamp":"2025-03-10T13:32:47.579Z"}
{"level":"info","message":"POST /graphql?","timestamp":"2025-03-10T13:33:11.263Z"}
{"level":"info","message":"POST /graphql?","timestamp":"2025-03-10T13:33:29.172Z"}
{"level":"info","message":"POST /graphql?","timestamp":"2025-03-10T13:33:44.151Z"}
{"level":"info","message":"POST /graphql?","timestamp":"2025-03-10T13:33:59.871Z"}
{"level":"info","message":"GET /api/orders/5","timestamp":"2025-03-10T13:36:19.831Z"}
{"level":"info","message":"GET /api/orders/5","timestamp":"2025-03-10T14:04:24.474Z"}
{"level":"info","message":"GET /graphql","timestamp":"2025-03-10T14:06:01.291Z"}
{"level":"info","message":"GET /graphql","timestamp":"2025-03-10T14:06:30.273Z"}
{"level":"info","message":"GET /graphql","timestamp":"2025-03-10T14:07:37.699Z"}
{"level":"info","message":"GET /graphql","timestamp":"2025-03-10T14:07:51.223Z"}
{"level":"info","message":"GET /graphql","timestamp":"2025-03-10T14:08:35.639Z"}
{"level":"info","message":"POST /graphql","timestamp":"2025-03-10T14:09:46.531Z"}
{"level":"info","message":"POST /graphql","timestamp":"2025-03-10T14:10:09.931Z"}
{"level":"info","message":"POST /graphql","timestamp":"2025-03-10T14:10:32.539Z"}
{"level":"info","message":"POST /api/orders","timestamp":"2025-03-10T14:11:17.496Z"}
{"level":"info","message":"PUT /api/orders/22","timestamp":"2025-03-10T14:11:32.206Z"}
{"level":"info","message":"DELETE /api/orders/23","timestamp":"2025-03-10T14:11:50.484Z"}
{"level":"info","message":"DELETE /api/orders/22","timestamp":"2025-03-10T14:11:55.221Z"}
{"level":"info","message":"DELETE /api/orders/20","timestamp":"2025-03-10T14:11:59.700Z"}
{"level":"info","message":"DELETE /api/orders/16","timestamp":"2025-03-10T14:12:05.677Z"}
{"level":"info","message":"DELETE /api/orders/17","timestamp":"2025-03-10T14:12:09.512Z"}
{"level":"info","message":"DELETE /api/orders/18","timestamp":"2025-03-10T14:12:13.679Z"}
{"level":"info","message":"DELETE /api/orders/19","timestamp":"2025-03-10T14:12:17.434Z"}
{"level":"info","message":"DELETE /api/orders/20","timestamp":"2025-03-10T14:12:22.471Z"}
{"level":"info","message":"DELETE /api/orders/21","timestamp":"2025-03-10T14:12:26.379Z"}
{"level":"info","message":"DELETE /api/orders/22","timestamp":"2025-03-10T14:12:29.815Z"}
{"level":"info","message":"GET /graphql","timestamp":"2025-03-10T14:18:49.450Z"}
{"level":"info","message":"Server running on port 5000","timestamp":"2025-03-10T16:14:04.318Z"}
{"level":"info","message":"GET /api-docs/","timestamp":"2025-03-10T16:14:06.050Z"}
{"level":"info","message":"GET /api-docs/swagger-ui.css","timestamp":"2025-03-10T16:14:06.194Z"}
{"level":"info","message":"GET /api-docs/swagger-ui-bundle.js","timestamp":"2025-03-10T16:14:06.209Z"}
{"level":"info","message":"GET /api-docs/swagger-ui-standalone-preset.js","timestamp":"2025-03-10T16:14:06.233Z"}
{"level":"info","message":"GET /api-docs/swagger-ui-init.js","timestamp":"2025-03-10T16:14:06.243Z"}
{"level":"info","message":"GET /graphql/","timestamp":"2025-03-10T16:14:21.118Z"}
{"level":"info","message":"POST /graphql/?","timestamp":"2025-03-10T16:14:21.725Z"}
